<?xml version="1.0" encoding="UTF-8"?>
<testsuite xmlns:xsi="http://www.w3.org/2001/XMLSchema-instance" xsi:noNamespaceSchemaLocation="https://maven.apache.org/surefire/maven-surefire-plugin/xsd/surefire-test-report-3.0.xsd" version="3.0" name="com.prodcat.rest.CrudProductCatagoryApplicationTests" time="5.411" tests="1" errors="0" skipped="0" failures="0">
  <properties>
[...]
</properties>
  <testcase name="contextLoads" classname="com.prodcat.rest.CrudProductCatagoryApplicationTests" time="0.69">
    <system-out><![CDATA[17:42:16.138 [main] INFO org.springframework.test.context.support.AnnotationConfigContextLoaderUtils -- Could not detect default configuration classes for test class [com.prodcat.rest.CrudProductCatagoryApplicationTests]: CrudProductCatagoryApplicationTests does not declare any static, non-private, non-final, nested classes annotated with @Configuration.
17:42:16.238 [main] INFO org.springframework.boot.test.context.SpringBootTestContextBootstrapper -- Found @SpringBootConfiguration com.prodcat.rest.CrudProductCatagoryApplication for test class com.prodcat.rest.CrudProductCatagoryApplicationTests

  .   ____          _            __ _ _
 /\\ / ___'_ __ _ _(_)_ __  __ _ \ \ \ \
( ( )\___ | '_ | '_| | '_ \/ _` | \ \ \ \
 \\/  ___)| |_)| | | | | || (_| |  ) ) ) )
  '  |____| .__|_| |_|_| |_\__, | / / / /
 =========|_|==============|___/=/_/_/_/
 :: Spring Boot ::                (v3.1.4)

2025-01-29T17:42:16.680+05:30  INFO 20324 --- [           main] .p.r.CrudProductCatagoryApplicationTests : Starting CrudProductCatagoryApplicationTests using Java 21.0.3 with PID 20324 (started by rwale in C:\Users\rwale\Documents\ProjectLatestCarGarage\CrudProductCatagory)
2025-01-29T17:42:16.683+05:30  INFO 20324 --- [           main] .p.r.CrudProductCatagoryApplicationTests : No active profile set, falling back to 1 default profile: "default"
2025-01-29T17:42:17.133+05:30  INFO 20324 --- [           main] .s.d.r.c.RepositoryConfigurationDelegate : Bootstrapping Spring Data JPA repositories in DEFAULT mode.
2025-01-29T17:42:17.175+05:30  INFO 20324 --- [           main] .s.d.r.c.RepositoryConfigurationDelegate : Finished Spring Data repository scanning in 35 ms. Found 1 JPA repository interfaces.
2025-01-29T17:42:17.894+05:30  INFO 20324 --- [           main] o.hibernate.jpa.internal.util.LogHelper  : HHH000204: Processing PersistenceUnitInfo [name: default]
2025-01-29T17:42:17.945+05:30  INFO 20324 --- [           main] org.hibernate.Version                    : HHH000412: Hibernate ORM core version 6.2.9.Final
2025-01-29T17:42:17.947+05:30  INFO 20324 --- [           main] org.hibernate.cfg.Environment            : HHH000406: Using bytecode reflection optimizer
2025-01-29T17:42:18.107+05:30  INFO 20324 --- [           main] o.h.b.i.BytecodeProviderInitiator        : HHH000021: Bytecode provider name : bytebuddy
2025-01-29T17:42:18.226+05:30  INFO 20324 --- [           main] o.s.o.j.p.SpringPersistenceUnitInfo      : No LoadTimeWeaver setup: ignoring JPA class transformer
2025-01-29T17:42:18.243+05:30  INFO 20324 --- [           main] com.zaxxer.hikari.HikariDataSource       : HikariPool-1 - Starting...
2025-01-29T17:42:18.685+05:30  INFO 20324 --- [           main] com.zaxxer.hikari.pool.HikariPool        : HikariPool-1 - Added connection com.mysql.cj.jdbc.ConnectionImpl@76b305e1
2025-01-29T17:42:18.688+05:30  INFO 20324 --- [           main] com.zaxxer.hikari.HikariDataSource       : HikariPool-1 - Start completed.
2025-01-29T17:42:18.782+05:30 DEBUG 20324 --- [           main] o.h.t.d.sql.spi.DdlTypeRegistry          : addDescriptor(12, org.hibernate.type.descriptor.sql.internal.CapacityDependentDdlType@416b1265) replaced previous registration(org.hibernate.type.descriptor.sql.internal.CapacityDependentDdlType@2830315f)
2025-01-29T17:42:18.782+05:30 DEBUG 20324 --- [           main] o.h.t.d.sql.spi.DdlTypeRegistry          : addDescriptor(-9, org.hibernate.type.descriptor.sql.internal.CapacityDependentDdlType@da22aa) replaced previous registration(org.hibernate.type.descriptor.sql.internal.CapacityDependentDdlType@75452aea)
2025-01-29T17:42:18.782+05:30 DEBUG 20324 --- [           main] o.h.t.d.sql.spi.DdlTypeRegistry          : addDescriptor(-3, org.hibernate.type.descriptor.sql.internal.CapacityDependentDdlType@6c24f61d) replaced previous registration(org.hibernate.type.descriptor.sql.internal.CapacityDependentDdlType@4537880f)
2025-01-29T17:42:18.783+05:30 DEBUG 20324 --- [           main] o.h.t.d.sql.spi.DdlTypeRegistry          : addDescriptor(4003, org.hibernate.type.descriptor.sql.internal.DdlTypeImpl@14292d71) replaced previous registration(org.hibernate.type.descriptor.sql.internal.DdlTypeImpl@48e74764)
2025-01-29T17:42:18.783+05:30 DEBUG 20324 --- [           main] o.h.t.d.sql.spi.DdlTypeRegistry          : addDescriptor(4001, org.hibernate.type.descriptor.sql.internal.DdlTypeImpl@338d47b) replaced previous registration(org.hibernate.type.descriptor.sql.internal.DdlTypeImpl@7a3643e3)
2025-01-29T17:42:18.783+05:30 DEBUG 20324 --- [           main] o.h.t.d.sql.spi.DdlTypeRegistry          : addDescriptor(4002, org.hibernate.type.descriptor.sql.internal.DdlTypeImpl@2729bb71) replaced previous registration(org.hibernate.type.descriptor.sql.internal.DdlTypeImpl@55071497)
2025-01-29T17:42:18.784+05:30 DEBUG 20324 --- [           main] o.h.t.d.sql.spi.DdlTypeRegistry          : addDescriptor(2004, org.hibernate.type.descriptor.sql.internal.CapacityDependentDdlType@10d98940) replaced previous registration(org.hibernate.type.descriptor.sql.internal.DdlTypeImpl@58b8f9e3)
2025-01-29T17:42:18.784+05:30 DEBUG 20324 --- [           main] o.h.t.d.sql.spi.DdlTypeRegistry          : addDescriptor(2005, org.hibernate.type.descriptor.sql.internal.CapacityDependentDdlType@32a033b6) replaced previous registration(org.hibernate.type.descriptor.sql.internal.DdlTypeImpl@5f6e2ad9)
2025-01-29T17:42:18.785+05:30 DEBUG 20324 --- [           main] o.h.t.d.sql.spi.DdlTypeRegistry          : addDescriptor(2011, org.hibernate.type.descriptor.sql.internal.CapacityDependentDdlType@3212bfd) replaced previous registration(org.hibernate.type.descriptor.sql.internal.DdlTypeImpl@1cc9bd9b)
2025-01-29T17:42:19.085+05:30  INFO 20324 --- [           main] o.h.b.i.BytecodeProviderInitiator        : HHH000021: Bytecode provider name : bytebuddy
2025-01-29T17:42:19.718+05:30  INFO 20324 --- [           main] o.h.e.t.j.p.i.JtaPlatformInitiator       : HHH000490: Using JtaPlatform implementation: [org.hibernate.engine.transaction.jta.platform.internal.NoJtaPlatform]
2025-01-29T17:42:19.782+05:30  INFO 20324 --- [           main] j.LocalContainerEntityManagerFactoryBean : Initialized JPA EntityManagerFactory for persistence unit 'default'
2025-01-29T17:42:20.223+05:30  WARN 20324 --- [           main] JpaBaseConfiguration$JpaWebConfiguration : spring.jpa.open-in-view is enabled by default. Therefore, database queries may be performed during view rendering. Explicitly configure spring.jpa.open-in-view to disable this warning
2025-01-29T17:42:20.611+05:30  INFO 20324 --- [           main] .p.r.CrudProductCatagoryApplicationTests : Started CrudProductCatagoryApplicationTests in 4.205 seconds (process running for 5.35)
]]></system-out>
    <system-err><![CDATA[WARNING: A Java agent has been loaded dynamically (C:\Users\rwale\.m2\repository\net\bytebuddy\byte-buddy-agent\1.14.8\byte-buddy-agent-1.14.8.jar)
WARNING: If a serviceability tool is in use, please run with -XX:+EnableDynamicAgentLoading to hide this warning
WARNING: If a serviceability tool is not in use, please run with -Djdk.instrument.traceUsage for more information
WARNING: Dynamic loading of agents will be disallowed by default in a future release
]]></system-err>
  </testcase>
</testsuite>